0 info it worked if it ends with ok
1 verbose cli [ '/nix/store/d2xzfpv8vsz6bmj9vlqfgsishyc2j8vm-nodejs-7.2.1/bin/node',
1 verbose cli   '/Users/dmvianna/.nix-profile/bin/npm',
1 verbose cli   'run',
1 verbose cli   'e2e' ]
2 info using npm@3.10.10
3 info using node@v7.2.1
4 verbose run-script [ 'pree2e', 'e2e', 'poste2e' ]
5 info lifecycle voting_app@1.0.1~pree2e: voting_app@1.0.1
6 silly lifecycle voting_app@1.0.1~pree2e: no script for pree2e, continuing
7 info lifecycle voting_app@1.0.1~e2e: voting_app@1.0.1
8 verbose lifecycle voting_app@1.0.1~e2e: unsafe-perm in lifecycle true
9 verbose lifecycle voting_app@1.0.1~e2e: PATH: /nix/store/d2xzfpv8vsz6bmj9vlqfgsishyc2j8vm-nodejs-7.2.1/lib/node_modules/npm/bin/node-gyp-bin:/Users/dmvianna/Documents/Code/sample-chapter-code/voting_app/node_modules/.bin:/nix/store/d2xzfpv8vsz6bmj9vlqfgsishyc2j8vm-nodejs-7.2.1/bin:/Users/dmvianna/.nix-profile/bin:/Users/dmvianna/.nix-profile/sbin:/Users/dmvianna/.global_node_modules/bin:/Users/dmvianna/.local/bin:/Users/dmvianna/.nix-profile/bin:/Users/dmvianna/.nix-profile/sbin:/Users/dmvianna/.global_node_modules/bin:/Users/dmvianna/.local/bin:/usr/local/bin:/usr/bin:/bin:/usr/sbin:/sbin
10 verbose lifecycle voting_app@1.0.1~e2e: CWD: /Users/dmvianna/Documents/Code/sample-chapter-code/voting_app
11 silly lifecycle voting_app@1.0.1~e2e: Args: [ '-c', 'nightwatch' ]
12 info lifecycle voting_app@1.0.1~e2e: Failed to exec e2e script
13 verbose stack Error: voting_app@1.0.1 e2e: `nightwatch`
13 verbose stack spawn ENOENT
13 verbose stack     at ChildProcess.<anonymous> (/nix/store/d2xzfpv8vsz6bmj9vlqfgsishyc2j8vm-nodejs-7.2.1/lib/node_modules/npm/lib/utils/spawn.js:33:16)
13 verbose stack     at emitTwo (events.js:106:13)
13 verbose stack     at ChildProcess.emit (events.js:191:7)
13 verbose stack     at maybeClose (internal/child_process.js:885:16)
13 verbose stack     at Process.ChildProcess._handle.onexit (internal/child_process.js:226:5)
14 verbose pkgid voting_app@1.0.1
15 verbose cwd /Users/dmvianna/Documents/Code/sample-chapter-code/voting_app
16 error Darwin 15.6.0
17 error argv "/nix/store/d2xzfpv8vsz6bmj9vlqfgsishyc2j8vm-nodejs-7.2.1/bin/node" "/Users/dmvianna/.nix-profile/bin/npm" "run" "e2e"
18 error node v7.2.1
19 error npm  v3.10.10
20 error file sh
21 error code ELIFECYCLE
22 error errno ENOENT
23 error syscall spawn
24 error voting_app@1.0.1 e2e: `nightwatch`
24 error spawn ENOENT
25 error Failed at the voting_app@1.0.1 e2e script 'nightwatch'.
25 error Make sure you have the latest version of node.js and npm installed.
25 error If you do, this is most likely a problem with the voting_app package,
25 error not with npm itself.
25 error Tell the author that this fails on your system:
25 error     nightwatch
25 error You can get information on how to open an issue for this project with:
25 error     npm bugs voting_app
25 error Or if that isn't available, you can get their info via:
25 error     npm owner ls voting_app
25 error There is likely additional logging output above.
26 verbose exit [ 1, true ]
